android/app/build/intermediates/manifest_merge_blame_file/release/manifest-merger-blame-release-report.txt
1<?xml version="1.0" encoding="utf-8"?>
2<manifest xmlns:android="http://schemas.android.com/apk/res/android"
3    package="com.sherifahmed.adelstore"
4    android:versionCode="1"
5    android:versionName="1.0.0" >
6
7    <uses-sdk
8        android:minSdkVersion="23"
8-->src\main\AndroidManifest.xml
9        android:targetSdkVersion="34" />
9-->src\main\AndroidManifest.xml
10
11    <uses-permission android:name="android.permission.INTERNET" />
11-->src\main\AndroidManifest.xml:2:5-66
11-->src\main\AndroidManifest.xml:2:22-64
12    <uses-permission android:name="android.permission.ACCESS_FINE_LOCATION" />
12-->src\main\AndroidManifest.xml:3:5-79
12-->src\main\AndroidManifest.xml:3:22-76
13    <uses-permission android:name="android.permission.ACCESS_COARSE_LOCATION" />
13-->src\main\AndroidManifest.xml:4:5-81
13-->src\main\AndroidManifest.xml:4:22-78
14
15    <queries>
15-->src\main\AndroidManifest.xml:6:5-21:15
16        <intent>
16-->src\main\AndroidManifest.xml:7:9-10:18
17            <action android:name="android.intent.action.VIEW" />
17-->src\main\AndroidManifest.xml:8:13-65
17-->src\main\AndroidManifest.xml:8:21-62
18
19            <data android:scheme="https" />
19-->src\main\AndroidManifest.xml:9:13-44
19-->src\main\AndroidManifest.xml:9:19-41
20        </intent>
21        <intent>
21-->src\main\AndroidManifest.xml:11:9-14:18
22            <action android:name="android.intent.action.DIAL" />
22-->src\main\AndroidManifest.xml:12:13-65
22-->src\main\AndroidManifest.xml:12:21-62
23
24            <data android:scheme="tel" />
24-->src\main\AndroidManifest.xml:9:13-44
24-->src\main\AndroidManifest.xml:9:19-41
25        </intent>
26        <intent>
26-->src\main\AndroidManifest.xml:15:9-18:18
27            <action android:name="android.intent.action.SEND" />
27-->src\main\AndroidManifest.xml:16:13-65
27-->src\main\AndroidManifest.xml:16:21-62
28
29            <data android:mimeType="*/*" />
29-->src\main\AndroidManifest.xml:9:13-44
29-->src\main\AndroidManifest.xml:17:19-41
30        </intent>
31
32        <provider android:authorities="com.facebook.katana.provider.PlatformProvider" />
32-->src\main\AndroidManifest.xml:19:9-89
32-->src\main\AndroidManifest.xml:19:19-86
33
34        <intent>
34-->[:flutter_inappwebview_android] AndroidManifest.xml:10:9-12:18
35            <action android:name="android.support.customtabs.action.CustomTabsService" />
35-->[:flutter_inappwebview_android] AndroidManifest.xml:11:13-90
35-->[:flutter_inappwebview_android] AndroidManifest.xml:11:21-87
36        </intent>
37
38        <package android:name="com.facebook.katana" /> <!-- Needs to be explicitly declared on Android R+ -->
38-->[com.facebook.android:facebook-common:16.3.0] AndroidManifest.xml:18:9-55
38-->[com.facebook.android:facebook-common:16.3.0] AndroidManifest.xml:18:18-52
39        <package android:name="com.google.android.apps.maps" />
39-->[com.google.android.gms:play-services-maps:18.2.0] AndroidManifest.xml:33:9-64
39-->[com.google.android.gms:play-services-maps:18.2.0] AndroidManifest.xml:33:18-61
40    </queries>
41
42    <uses-permission android:name="android.permission.ACCESS_NETWORK_STATE" />
42-->[:connectivity_plus] AndroidManifest.xml:9:5-79
42-->[:connectivity_plus] AndroidManifest.xml:9:22-76
43    <uses-permission android:name="android.permission.WAKE_LOCK" /> <!-- Permissions options for the `notification` group -->
43-->[:firebase_messaging] AndroidManifest.xml:10:5-68
43-->[:firebase_messaging] AndroidManifest.xml:10:22-65
44    <uses-permission android:name="android.permission.POST_NOTIFICATIONS" />
44-->[:firebase_messaging] AndroidManifest.xml:13:5-77
44-->[:firebase_messaging] AndroidManifest.xml:13:22-74
45    <uses-permission android:name="android.permission.VIBRATE" />
45-->[:flutter_local_notifications] AndroidManifest.xml:9:5-66
45-->[:flutter_local_notifications] AndroidManifest.xml:9:22-63
46
47    <uses-feature
47-->[com.google.android.gms:play-services-maps:18.2.0] AndroidManifest.xml:26:5-28:35
48        android:glEsVersion="0x00020000"
48-->[com.google.android.gms:play-services-maps:18.2.0] AndroidManifest.xml:27:9-41
49        android:required="true" /> <!-- Required by older versions of Google Play services to create IID tokens -->
49-->[com.google.android.gms:play-services-maps:18.2.0] AndroidManifest.xml:28:9-32
50    <uses-permission android:name="com.google.android.c2dm.permission.RECEIVE" />
50-->[com.google.firebase:firebase-messaging:24.0.3] AndroidManifest.xml:26:5-82
50-->[com.google.firebase:firebase-messaging:24.0.3] AndroidManifest.xml:26:22-79
51    <uses-permission android:name="com.google.android.providers.gsf.permission.READ_GSERVICES" />
51-->[com.google.android.recaptcha:recaptcha:18.5.1] AndroidManifest.xml:9:5-98
51-->[com.google.android.recaptcha:recaptcha:18.5.1] AndroidManifest.xml:9:22-95
52    <uses-permission android:name="com.google.android.gms.permission.AD_ID" />
52-->[com.facebook.android:facebook-core:16.3.0] AndroidManifest.xml:16:5-79
52-->[com.facebook.android:facebook-core:16.3.0] AndroidManifest.xml:16:22-76
53
54    <permission
54-->[androidx.core:core:1.13.1] AndroidManifest.xml:22:5-24:47
55        android:name="com.sherifahmed.adelstore.DYNAMIC_RECEIVER_NOT_EXPORTED_PERMISSION"
55-->[androidx.core:core:1.13.1] AndroidManifest.xml:23:9-81
56        android:protectionLevel="signature" />
56-->[androidx.core:core:1.13.1] AndroidManifest.xml:24:9-44
57
58    <uses-permission android:name="com.sherifahmed.adelstore.DYNAMIC_RECEIVER_NOT_EXPORTED_PERMISSION" />
58-->[androidx.core:core:1.13.1] AndroidManifest.xml:26:5-97
58-->[androidx.core:core:1.13.1] AndroidManifest.xml:26:22-94
59    <uses-permission android:name="com.google.android.finsky.permission.BIND_GET_INSTALL_REFERRER_SERVICE" />
59-->[com.android.installreferrer:installreferrer:1.0] AndroidManifest.xml:9:5-110
59-->[com.android.installreferrer:installreferrer:1.0] AndroidManifest.xml:9:22-107
60
61    <application
62        android:name="android.app.Application"
62-->src\main\AndroidManifest.xml:25:9-42
63        android:appComponentFactory="androidx.core.app.CoreComponentFactory"
63-->[androidx.core:core:1.13.1] AndroidManifest.xml:28:18-86
64        android:extractNativeLibs="false"
65        android:icon="@mipmap/ic_launcher"
65-->src\main\AndroidManifest.xml:29:9-43
66        android:label="Hexacom"
66-->src\main\AndroidManifest.xml:24:9-32
67        android:networkSecurityConfig="@xml/network_security_config"
67-->src\main\AndroidManifest.xml:28:9-69
68        android:requestLegacyExternalStorage="true"
68-->src\main\AndroidManifest.xml:26:9-52
69        android:supportsRtl="true"
69-->[com.facebook.android:facebook-login:16.3.0] AndroidManifest.xml:16:18-44
70        android:usesCleartextTraffic="true" >
70-->src\main\AndroidManifest.xml:27:9-44
71        <meta-data
71-->src\main\AndroidManifest.xml:30:9-31:48
72            android:name="com.google.android.geo.API_KEY"
72-->src\main\AndroidManifest.xml:30:20-65
73            android:value="YOUR_MAP_KEY_HERE" />
73-->src\main\AndroidManifest.xml:31:13-46
74        <meta-data
74-->src\main\AndroidManifest.xml:33:9-35:55
75            android:name="com.facebook.sdk.ApplicationId"
75-->src\main\AndroidManifest.xml:34:13-58
76            android:value="@string/facebook_app_id" />
76-->src\main\AndroidManifest.xml:35:13-52
77        <meta-data
77-->src\main\AndroidManifest.xml:36:9-38:60
78            android:name="com.facebook.sdk.ClientToken"
78-->src\main\AndroidManifest.xml:37:13-56
79            android:value="@string/facebook_client_token" />
79-->src\main\AndroidManifest.xml:38:13-58
80
81        <activity
81-->src\main\AndroidManifest.xml:40:9-43:48
82            android:name="com.facebook.FacebookActivity"
82-->src\main\AndroidManifest.xml:40:19-63
83            android:configChanges="keyboard|keyboardHidden|screenLayout|screenSize|orientation"
83-->src\main\AndroidManifest.xml:41:13-114
84            android:label="@string/app_name"
84-->src\main\AndroidManifest.xml:43:13-45
85            android:theme="@style/com_facebook_activity_theme" />
85-->[com.facebook.android:facebook-common:16.3.0] AndroidManifest.xml:25:13-63
86        <activity
86-->src\main\AndroidManifest.xml:45:9-54:20
87            android:name="com.facebook.CustomTabActivity"
87-->src\main\AndroidManifest.xml:46:13-58
88            android:exported="true" >
88-->src\main\AndroidManifest.xml:47:13-36
89            <intent-filter>
89-->src\main\AndroidManifest.xml:48:13-53:29
90                <action android:name="android.intent.action.VIEW" />
90-->src\main\AndroidManifest.xml:8:13-65
90-->src\main\AndroidManifest.xml:8:21-62
91
92                <category android:name="android.intent.category.DEFAULT" />
92-->src\main\AndroidManifest.xml:50:17-76
92-->src\main\AndroidManifest.xml:50:27-73
93                <category android:name="android.intent.category.BROWSABLE" />
93-->src\main\AndroidManifest.xml:51:17-78
93-->src\main\AndroidManifest.xml:51:27-75
94
95                <data android:scheme="@string/fb_login_protocol_scheme" />
95-->src\main\AndroidManifest.xml:9:13-44
95-->src\main\AndroidManifest.xml:9:19-41
96            </intent-filter>
97            <intent-filter>
97-->[com.facebook.android:facebook-common:16.3.0] AndroidManifest.xml:31:13-40:29
98                <action android:name="android.intent.action.VIEW" />
98-->src\main\AndroidManifest.xml:8:13-65
98-->src\main\AndroidManifest.xml:8:21-62
99
100                <category android:name="android.intent.category.DEFAULT" />
100-->src\main\AndroidManifest.xml:50:17-76
100-->src\main\AndroidManifest.xml:50:27-73
101                <category android:name="android.intent.category.BROWSABLE" />
101-->src\main\AndroidManifest.xml:51:17-78
101-->src\main\AndroidManifest.xml:51:27-75
102
103                <data
103-->src\main\AndroidManifest.xml:9:13-44
104                    android:host="cct.com.sherifahmed.adelstore"
105                    android:scheme="fbconnect" />
105-->src\main\AndroidManifest.xml:9:19-41
106            </intent-filter>
107        </activity>
108        <activity
108-->src\main\AndroidManifest.xml:56:9-89:20
109            android:name="com.sherifahmed.adelstore.MainActivity"
109-->src\main\AndroidManifest.xml:57:13-41
110            android:configChanges="orientation|keyboardHidden|keyboard|screenSize|smallestScreenSize|locale|layoutDirection|fontScale|screenLayout|density|uiMode"
110-->src\main\AndroidManifest.xml:60:13-163
111            android:exported="true"
111-->src\main\AndroidManifest.xml:62:13-36
112            android:hardwareAccelerated="true"
112-->src\main\AndroidManifest.xml:61:13-47
113            android:launchMode="singleTop"
113-->src\main\AndroidManifest.xml:58:13-43
114            android:theme="@style/LaunchTheme"
114-->src\main\AndroidManifest.xml:59:13-47
115            android:windowSoftInputMode="adjustResize" >
115-->src\main\AndroidManifest.xml:63:13-55
116
117            <!--
118                 Specifies an Android theme to apply to this Activity as soon as
119                 the Android process has started. This theme is visible to the user
120                 while the Flutter UI initializes. After that, this theme continues
121                 to determine the Window background behind the Flutter UI.
122            -->
123            <meta-data
123-->src\main\AndroidManifest.xml:68:13-71:19
124                android:name="io.flutter.embedding.android.NormalTheme"
124-->src\main\AndroidManifest.xml:69:17-72
125                android:resource="@style/NormalTheme" />
125-->src\main\AndroidManifest.xml:70:17-54
126            <!--
127                 Displays an Android View that continues showing the launch screen
128                 Drawable until Flutter paints its first frame, then this splash
129                 screen fades out. A splash screen is useful to avoid any visual
130                 gap between the end of Android's launch screen and the painting of
131                 Flutter's first frame.
132            -->
133            <meta-data
133-->src\main\AndroidManifest.xml:77:13-80:19
134                android:name="io.flutter.embedding.android.SplashScreenDrawable"
134-->src\main\AndroidManifest.xml:78:17-81
135                android:resource="@drawable/launch_background" />
135-->src\main\AndroidManifest.xml:79:17-63
136
137            <intent-filter>
137-->src\main\AndroidManifest.xml:81:13-84:29
138                <action android:name="android.intent.action.MAIN" />
138-->src\main\AndroidManifest.xml:82:17-68
138-->src\main\AndroidManifest.xml:82:25-66
139
140                <category android:name="android.intent.category.LAUNCHER" />
140-->src\main\AndroidManifest.xml:83:17-76
140-->src\main\AndroidManifest.xml:83:27-74
141            </intent-filter>
142            <intent-filter>
142-->src\main\AndroidManifest.xml:85:13-88:29
143                <action android:name="FLUTTER_NOTIFICATION_CLICK" />
143-->src\main\AndroidManifest.xml:86:17-69
143-->src\main\AndroidManifest.xml:86:25-66
144
145                <category android:name="android.intent.category.DEFAULT" />
145-->src\main\AndroidManifest.xml:50:17-76
145-->src\main\AndroidManifest.xml:50:27-73
146            </intent-filter>
147        </activity>
148        <!--
149             Don't delete the meta-data below.
150             This is used by the Flutter tool to generate GeneratedPluginRegistrant.java
151        -->
152        <meta-data
152-->src\main\AndroidManifest.xml:92:9-94:33
153            android:name="flutterEmbedding"
153-->src\main\AndroidManifest.xml:93:13-44
154            android:value="2" />
154-->src\main\AndroidManifest.xml:94:13-30
155
156        <service
156-->[:firebase_auth] AndroidManifest.xml:10:9-14:19
157            android:name="com.google.firebase.components.ComponentDiscoveryService"
157-->[:firebase_auth] AndroidManifest.xml:10:18-89
158            android:directBootAware="true"
158-->[com.google.firebase:firebase-common:21.0.0] AndroidManifest.xml:32:13-43
159            android:exported="false" >
159-->[com.google.firebase:firebase-crashlytics:19.2.1] AndroidManifest.xml:14:13-37
160            <meta-data
160-->[:firebase_auth] AndroidManifest.xml:11:13-13:85
161                android:name="com.google.firebase.components:io.flutter.plugins.firebase.auth.FlutterFirebaseAuthRegistrar"
161-->[:firebase_auth] AndroidManifest.xml:12:17-124
162                android:value="com.google.firebase.components.ComponentRegistrar" />
162-->[:firebase_auth] AndroidManifest.xml:13:17-82
163            <meta-data
163-->[:firebase_crashlytics] AndroidManifest.xml:11:13-13:85
164                android:name="com.google.firebase.components:io.flutter.plugins.firebase.crashlytics.FlutterFirebaseAppRegistrar"
164-->[:firebase_crashlytics] AndroidManifest.xml:12:17-130
165                android:value="com.google.firebase.components.ComponentRegistrar" />
165-->[:firebase_crashlytics] AndroidManifest.xml:13:17-82
166            <meta-data
166-->[:firebase_messaging] AndroidManifest.xml:38:13-40:85
167                android:name="com.google.firebase.components:io.flutter.plugins.firebase.messaging.FlutterFirebaseAppRegistrar"
167-->[:firebase_messaging] AndroidManifest.xml:39:17-128
168                android:value="com.google.firebase.components.ComponentRegistrar" />
168-->[:firebase_messaging] AndroidManifest.xml:40:17-82
169            <meta-data
169-->[:firebase_core] AndroidManifest.xml:11:13-13:85
170                android:name="com.google.firebase.components:io.flutter.plugins.firebase.core.FlutterFirebaseCoreRegistrar"
170-->[:firebase_core] AndroidManifest.xml:12:17-124
171                android:value="com.google.firebase.components.ComponentRegistrar" />
171-->[:firebase_core] AndroidManifest.xml:13:17-82
172            <meta-data
172-->[com.google.firebase:firebase-crashlytics:19.2.1] AndroidManifest.xml:15:13-17:85
173                android:name="com.google.firebase.components:com.google.firebase.crashlytics.FirebaseCrashlyticsKtxRegistrar"
173-->[com.google.firebase:firebase-crashlytics:19.2.1] AndroidManifest.xml:16:17-126
174                android:value="com.google.firebase.components.ComponentRegistrar" />
174-->[com.google.firebase:firebase-crashlytics:19.2.1] AndroidManifest.xml:17:17-82
175            <meta-data
175-->[com.google.firebase:firebase-crashlytics:19.2.1] AndroidManifest.xml:18:13-20:85
176                android:name="com.google.firebase.components:com.google.firebase.crashlytics.CrashlyticsRegistrar"
176-->[com.google.firebase:firebase-crashlytics:19.2.1] AndroidManifest.xml:19:17-115
177                android:value="com.google.firebase.components.ComponentRegistrar" />
177-->[com.google.firebase:firebase-crashlytics:19.2.1] AndroidManifest.xml:20:17-82
178            <meta-data
178-->[com.google.firebase:firebase-auth:23.1.0] AndroidManifest.xml:69:13-71:85
179                android:name="com.google.firebase.components:com.google.firebase.auth.FirebaseAuthRegistrar"
179-->[com.google.firebase:firebase-auth:23.1.0] AndroidManifest.xml:70:17-109
180                android:value="com.google.firebase.components.ComponentRegistrar" />
180-->[com.google.firebase:firebase-auth:23.1.0] AndroidManifest.xml:71:17-82
181            <meta-data
181-->[com.google.firebase:firebase-messaging:24.0.3] AndroidManifest.xml:57:13-59:85
182                android:name="com.google.firebase.components:com.google.firebase.messaging.FirebaseMessagingKtxRegistrar"
182-->[com.google.firebase:firebase-messaging:24.0.3] AndroidManifest.xml:58:17-122
183                android:value="com.google.firebase.components.ComponentRegistrar" />
183-->[com.google.firebase:firebase-messaging:24.0.3] AndroidManifest.xml:59:17-82
184            <meta-data
184-->[com.google.firebase:firebase-messaging:24.0.3] AndroidManifest.xml:60:13-62:85
185                android:name="com.google.firebase.components:com.google.firebase.messaging.FirebaseMessagingRegistrar"
185-->[com.google.firebase:firebase-messaging:24.0.3] AndroidManifest.xml:61:17-119
186                android:value="com.google.firebase.components.ComponentRegistrar" />
186-->[com.google.firebase:firebase-messaging:24.0.3] AndroidManifest.xml:62:17-82
187            <meta-data
187-->[com.google.firebase:firebase-sessions:2.0.6] AndroidManifest.xml:29:13-31:85
188                android:name="com.google.firebase.components:com.google.firebase.sessions.FirebaseSessionsRegistrar"
188-->[com.google.firebase:firebase-sessions:2.0.6] AndroidManifest.xml:30:17-117
189                android:value="com.google.firebase.components.ComponentRegistrar" />
189-->[com.google.firebase:firebase-sessions:2.0.6] AndroidManifest.xml:31:17-82
190            <meta-data
190-->[com.google.firebase:firebase-installations:18.0.0] AndroidManifest.xml:15:13-17:85
191                android:name="com.google.firebase.components:com.google.firebase.installations.FirebaseInstallationsKtxRegistrar"
191-->[com.google.firebase:firebase-installations:18.0.0] AndroidManifest.xml:16:17-130
192                android:value="com.google.firebase.components.ComponentRegistrar" />
192-->[com.google.firebase:firebase-installations:18.0.0] AndroidManifest.xml:17:17-82
193            <meta-data
193-->[com.google.firebase:firebase-installations:18.0.0] AndroidManifest.xml:18:13-20:85
194                android:name="com.google.firebase.components:com.google.firebase.installations.FirebaseInstallationsRegistrar"
194-->[com.google.firebase:firebase-installations:18.0.0] AndroidManifest.xml:19:17-127
195                android:value="com.google.firebase.components.ComponentRegistrar" />
195-->[com.google.firebase:firebase-installations:18.0.0] AndroidManifest.xml:20:17-82
196            <meta-data
196-->[com.google.firebase:firebase-common-ktx:21.0.0] AndroidManifest.xml:12:13-14:85
197                android:name="com.google.firebase.components:com.google.firebase.ktx.FirebaseCommonLegacyRegistrar"
197-->[com.google.firebase:firebase-common-ktx:21.0.0] AndroidManifest.xml:13:17-116
198                android:value="com.google.firebase.components.ComponentRegistrar" />
198-->[com.google.firebase:firebase-common-ktx:21.0.0] AndroidManifest.xml:14:17-82
199            <meta-data
199-->[com.google.firebase:firebase-common:21.0.0] AndroidManifest.xml:35:13-37:85
200                android:name="com.google.firebase.components:com.google.firebase.FirebaseCommonKtxRegistrar"
200-->[com.google.firebase:firebase-common:21.0.0] AndroidManifest.xml:36:17-109
201                android:value="com.google.firebase.components.ComponentRegistrar" />
201-->[com.google.firebase:firebase-common:21.0.0] AndroidManifest.xml:37:17-82
202            <meta-data
202-->[com.google.firebase:firebase-datatransport:19.0.0] AndroidManifest.xml:25:13-27:85
203                android:name="com.google.firebase.components:com.google.firebase.datatransport.TransportRegistrar"
203-->[com.google.firebase:firebase-datatransport:19.0.0] AndroidManifest.xml:26:17-115
204                android:value="com.google.firebase.components.ComponentRegistrar" />
204-->[com.google.firebase:firebase-datatransport:19.0.0] AndroidManifest.xml:27:17-82
205        </service>
206        <service
206-->[:firebase_messaging] AndroidManifest.xml:16:9-19:72
207            android:name="io.flutter.plugins.firebase.messaging.FlutterFirebaseMessagingBackgroundService"
207-->[:firebase_messaging] AndroidManifest.xml:17:13-107
208            android:exported="false"
208-->[:firebase_messaging] AndroidManifest.xml:18:13-37
209            android:permission="android.permission.BIND_JOB_SERVICE" />
209-->[:firebase_messaging] AndroidManifest.xml:19:13-69
210        <service
210-->[:firebase_messaging] AndroidManifest.xml:20:9-26:19
211            android:name="io.flutter.plugins.firebase.messaging.FlutterFirebaseMessagingService"
211-->[:firebase_messaging] AndroidManifest.xml:21:13-97
212            android:exported="false" >
212-->[:firebase_messaging] AndroidManifest.xml:22:13-37
213            <intent-filter>
213-->[:firebase_messaging] AndroidManifest.xml:23:13-25:29
214                <action android:name="com.google.firebase.MESSAGING_EVENT" />
214-->[:firebase_messaging] AndroidManifest.xml:24:17-78
214-->[:firebase_messaging] AndroidManifest.xml:24:25-75
215            </intent-filter>
216        </service>
217
218        <receiver
218-->[:firebase_messaging] AndroidManifest.xml:28:9-35:20
219            android:name="io.flutter.plugins.firebase.messaging.FlutterFirebaseMessagingReceiver"
219-->[:firebase_messaging] AndroidManifest.xml:29:13-98
220            android:exported="true"
220-->[:firebase_messaging] AndroidManifest.xml:30:13-36
221            android:permission="com.google.android.c2dm.permission.SEND" >
221-->[:firebase_messaging] AndroidManifest.xml:31:13-73
222            <intent-filter>
222-->[:firebase_messaging] AndroidManifest.xml:32:13-34:29
223                <action android:name="com.google.android.c2dm.intent.RECEIVE" />
223-->[:firebase_messaging] AndroidManifest.xml:33:17-81
223-->[:firebase_messaging] AndroidManifest.xml:33:25-78
224            </intent-filter>
225        </receiver>
226
227        <provider
227-->[:firebase_messaging] AndroidManifest.xml:43:9-47:38
228            android:name="io.flutter.plugins.firebase.messaging.FlutterFirebaseMessagingInitProvider"
228-->[:firebase_messaging] AndroidManifest.xml:44:13-102
229            android:authorities="com.sherifahmed.adelstore.flutterfirebasemessaginginitprovider"
229-->[:firebase_messaging] AndroidManifest.xml:45:13-88
230            android:exported="false"
230-->[:firebase_messaging] AndroidManifest.xml:46:13-37
231            android:initOrder="99" />
231-->[:firebase_messaging] AndroidManifest.xml:47:13-35
232
233        <activity
233-->[:flutter_inappwebview_android] AndroidManifest.xml:16:9-20:47
234            android:name="com.pichillilorenzo.flutter_inappwebview_android.in_app_browser.InAppBrowserActivity"
234-->[:flutter_inappwebview_android] AndroidManifest.xml:17:13-112
235            android:configChanges="orientation|keyboardHidden|keyboard|screenSize|locale|layoutDirection|fontScale|screenLayout|density"
235-->[:flutter_inappwebview_android] AndroidManifest.xml:18:13-137
236            android:exported="false"
236-->[:flutter_inappwebview_android] AndroidManifest.xml:19:13-37
237            android:theme="@style/AppTheme" />
237-->[:flutter_inappwebview_android] AndroidManifest.xml:20:13-44
238        <activity
238-->[:flutter_inappwebview_android] AndroidManifest.xml:21:9-24:55
239            android:name="com.pichillilorenzo.flutter_inappwebview_android.chrome_custom_tabs.ChromeCustomTabsActivity"
239-->[:flutter_inappwebview_android] AndroidManifest.xml:22:13-120
240            android:exported="false"
240-->[:flutter_inappwebview_android] AndroidManifest.xml:23:13-37
241            android:theme="@style/ThemeTransparent" />
241-->[:flutter_inappwebview_android] AndroidManifest.xml:24:13-52
242        <activity
242-->[:flutter_inappwebview_android] AndroidManifest.xml:25:9-28:55
243            android:name="com.pichillilorenzo.flutter_inappwebview_android.chrome_custom_tabs.TrustedWebActivity"
243-->[:flutter_inappwebview_android] AndroidManifest.xml:26:13-114
244            android:exported="false"
244-->[:flutter_inappwebview_android] AndroidManifest.xml:27:13-37
245            android:theme="@style/ThemeTransparent" />
245-->[:flutter_inappwebview_android] AndroidManifest.xml:28:13-52
246        <activity
246-->[:flutter_inappwebview_android] AndroidManifest.xml:29:9-33:55
247            android:name="com.pichillilorenzo.flutter_inappwebview_android.chrome_custom_tabs.ChromeCustomTabsActivitySingleInstance"
247-->[:flutter_inappwebview_android] AndroidManifest.xml:30:13-134
248            android:exported="false"
248-->[:flutter_inappwebview_android] AndroidManifest.xml:31:13-37
249            android:launchMode="singleInstance"
249-->[:flutter_inappwebview_android] AndroidManifest.xml:32:13-48
250            android:theme="@style/ThemeTransparent" />
250-->[:flutter_inappwebview_android] AndroidManifest.xml:33:13-52
251        <activity
251-->[:flutter_inappwebview_android] AndroidManifest.xml:34:9-38:55
252            android:name="com.pichillilorenzo.flutter_inappwebview_android.chrome_custom_tabs.TrustedWebActivitySingleInstance"
252-->[:flutter_inappwebview_android] AndroidManifest.xml:35:13-128
253            android:exported="false"
253-->[:flutter_inappwebview_android] AndroidManifest.xml:36:13-37
254            android:launchMode="singleInstance"
254-->[:flutter_inappwebview_android] AndroidManifest.xml:37:13-48
255            android:theme="@style/ThemeTransparent" />
255-->[:flutter_inappwebview_android] AndroidManifest.xml:38:13-52
256
257        <receiver
257-->[:flutter_inappwebview_android] AndroidManifest.xml:40:9-43:40
258            android:name="com.pichillilorenzo.flutter_inappwebview_android.chrome_custom_tabs.ActionBroadcastReceiver"
258-->[:flutter_inappwebview_android] AndroidManifest.xml:41:13-119
259            android:enabled="true"
259-->[:flutter_inappwebview_android] AndroidManifest.xml:42:13-35
260            android:exported="false" />
260-->[:flutter_inappwebview_android] AndroidManifest.xml:43:13-37
261
262        <meta-data
262-->[:flutter_inappwebview_android] AndroidManifest.xml:45:9-47:36
263            android:name="io.flutter.embedded_views_preview"
263-->[:flutter_inappwebview_android] AndroidManifest.xml:46:13-61
264            android:value="true" />
264-->[:flutter_inappwebview_android] AndroidManifest.xml:47:13-33
265
266        <provider
266-->[:image_picker_android] AndroidManifest.xml:11:9-19:20
267            android:name="io.flutter.plugins.imagepicker.ImagePickerFileProvider"
267-->[:image_picker_android] AndroidManifest.xml:12:13-82
268            android:authorities="com.sherifahmed.adelstore.flutter.image_provider"
268-->[:image_picker_android] AndroidManifest.xml:13:13-74
269            android:exported="false"
269-->[:image_picker_android] AndroidManifest.xml:14:13-37
270            android:grantUriPermissions="true" >
270-->[:image_picker_android] AndroidManifest.xml:15:13-47
271            <meta-data
271-->[:image_picker_android] AndroidManifest.xml:16:13-18:75
272                android:name="android.support.FILE_PROVIDER_PATHS"
272-->[:image_picker_android] AndroidManifest.xml:17:17-67
273                android:resource="@xml/flutter_image_picker_file_paths" />
273-->[:image_picker_android] AndroidManifest.xml:18:17-72
274        </provider> <!-- Trigger Google Play services to install the backported photo picker module. -->
275        <service
275-->[:image_picker_android] AndroidManifest.xml:21:9-33:19
276            android:name="com.google.android.gms.metadata.ModuleDependencies"
276-->[:image_picker_android] AndroidManifest.xml:22:13-78
277            android:enabled="false"
277-->[:image_picker_android] AndroidManifest.xml:23:13-36
278            android:exported="false" >
278-->[:image_picker_android] AndroidManifest.xml:24:13-37
279            <intent-filter>
279-->[:image_picker_android] AndroidManifest.xml:26:13-28:29
280                <action android:name="com.google.android.gms.metadata.MODULE_DEPENDENCIES" />
280-->[:image_picker_android] AndroidManifest.xml:27:17-94
280-->[:image_picker_android] AndroidManifest.xml:27:25-91
281            </intent-filter>
282
283            <meta-data
283-->[:image_picker_android] AndroidManifest.xml:30:13-32:36
284                android:name="photopicker_activity:0:required"
284-->[:image_picker_android] AndroidManifest.xml:31:17-63
285                android:value="" />
285-->[:image_picker_android] AndroidManifest.xml:32:17-33
286        </service>
287        <service
287-->[:geolocator_android] AndroidManifest.xml:10:9-14:56
288            android:name="com.baseflow.geolocator.GeolocatorLocationService"
288-->[:geolocator_android] AndroidManifest.xml:11:13-77